<?xml version="1.0" encoding="UTF-8"?>
<testsuite xmlns:xsi="http://www.w3.org/2001/XMLSchema-instance" xsi:noNamespaceSchemaLocation="https://maven.apache.org/surefire/maven-surefire-plugin/xsd/surefire-test-report-3.0.xsd" version="3.0" name="runner.TestRunner" time="84.907" tests="13" errors="0" skipped="0" failures="0">
  <properties>
[...]
</properties>
  <testcase name="Login with valid credentials #1" classname="Login functionality" time="10.215">
    <system-out><![CDATA[
Scenario Outline: Login with valid credentials                                    &amp#27;[90m# src/test/resources/features/Login.feature:11&amp#27;[0m
  &amp#27;[32mGiven &amp#27;[0m&amp#27;[32mUser navigates to login page&amp#27;[0m                                              &amp#27;[90m# stepdefinitions.Login.user_navigates_to_login_page()&amp#27;[0m
  &amp#27;[32mWhen &amp#27;[0m&amp#27;[32mUser enters valid email address &amp#27;[0m&amp#27;[32m&amp#27;[1m"dipaksahane87@gmail.com"&amp#27;[0m&amp#27;[32m into email field&amp#27;[0m &amp#27;[90m# stepdefinitions.Login.user_enters_valid_email_address_into_email_field(java.lang.String)&amp#27;[0m
  &amp#27;[32mAnd &amp#27;[0m&amp#27;[32mUser enters valid password &amp#27;[0m&amp#27;[32m&amp#27;[1m"Mahatma9881"&amp#27;[0m&amp#27;[32m into password field&amp#27;[0m                &amp#27;[90m# stepdefinitions.Login.user_enters_valid_password_into_password_field(java.lang.String)&amp#27;[0m
  &amp#27;[32mAnd &amp#27;[0m&amp#27;[32mUser clicks on Login button&amp#27;[0m                                                 &amp#27;[90m# stepdefinitions.Login.user_clicks_on_login_button()&amp#27;[0m
  &amp#27;[32mThen &amp#27;[0m&amp#27;[32mUser should get successfully logged in&amp#27;[0m                                     &amp#27;[90m# stepdefinitions.Login.user_should_get_successfully_logged_in()&amp#27;[0m
]]></system-out>
  </testcase>
  <testcase name="Login with valid credentials #2" classname="Login functionality" time="5.586">
    <system-out><![CDATA[
Scenario Outline: Login with valid credentials                                 &amp#27;[90m# src/test/resources/features/Login.feature:12&amp#27;[0m
  &amp#27;[32mGiven &amp#27;[0m&amp#27;[32mUser navigates to login page&amp#27;[0m                                           &amp#27;[90m# stepdefinitions.Login.user_navigates_to_login_page()&amp#27;[0m
  &amp#27;[32mWhen &amp#27;[0m&amp#27;[32mUser enters valid email address &amp#27;[0m&amp#27;[32m&amp#27;[1m"dipaks9911@gmail.com"&amp#27;[0m&amp#27;[32m into email field&amp#27;[0m &amp#27;[90m# stepdefinitions.Login.user_enters_valid_email_address_into_email_field(java.lang.String)&amp#27;[0m
  &amp#27;[32mAnd &amp#27;[0m&amp#27;[32mUser enters valid password &amp#27;[0m&amp#27;[32m&amp#27;[1m"Mahatma309"&amp#27;[0m&amp#27;[32m into password field&amp#27;[0m              &amp#27;[90m# stepdefinitions.Login.user_enters_valid_password_into_password_field(java.lang.String)&amp#27;[0m
  &amp#27;[32mAnd &amp#27;[0m&amp#27;[32mUser clicks on Login button&amp#27;[0m                                              &amp#27;[90m# stepdefinitions.Login.user_clicks_on_login_button()&amp#27;[0m
  &amp#27;[32mThen &amp#27;[0m&amp#27;[32mUser should get successfully logged in&amp#27;[0m                                  &amp#27;[90m# stepdefinitions.Login.user_should_get_successfully_logged_in()&amp#27;[0m
]]></system-out>
  </testcase>
  <testcase name="Login with invalid credentials" classname="Login functionality" time="5.627">
    <system-out><![CDATA[
Scenario: Login with invalid credentials                                   &amp#27;[90m# src/test/resources/features/Login.feature:15&amp#27;[0m
  &amp#27;[32mGiven &amp#27;[0m&amp#27;[32mUser navigates to login page&amp#27;[0m                                       &amp#27;[90m# stepdefinitions.Login.user_navigates_to_login_page()&amp#27;[0m
  &amp#27;[32mWhen &amp#27;[0m&amp#27;[32mUser enters invalid email address into email field&amp#27;[0m                  &amp#27;[90m# stepdefinitions.Login.user_enters_invalid_email_address_into_email_field()&amp#27;[0m
  &amp#27;[32mAnd &amp#27;[0m&amp#27;[32mUser enters invalid password &amp#27;[0m&amp#27;[32m&amp#27;[1m"1234567890"&amp#27;[0m&amp#27;[32m into password field&amp#27;[0m        &amp#27;[90m# stepdefinitions.Login.user_enters_invalid_password_into_password_field(java.lang.String)&amp#27;[0m
  &amp#27;[32mAnd &amp#27;[0m&amp#27;[32mUser clicks on Login button&amp#27;[0m                                          &amp#27;[90m# stepdefinitions.Login.user_clicks_on_login_button()&amp#27;[0m
  &amp#27;[32mThen &amp#27;[0m&amp#27;[32mUser should get a proper warning message about credentials mismatch&amp#27;[0m &amp#27;[90m# stepdefinitions.Login.user_should_get_a_proper_warning_message_about_credentials_mismatch()&amp#27;[0m
]]></system-out>
  </testcase>
  <testcase name="Login with valid email and invalid password" classname="Login functionality" time="5.749">
    <system-out><![CDATA[
Scenario: Login with valid email and invalid password                          &amp#27;[90m# src/test/resources/features/Login.feature:22&amp#27;[0m
  &amp#27;[32mGiven &amp#27;[0m&amp#27;[32mUser navigates to login page&amp#27;[0m                                           &amp#27;[90m# stepdefinitions.Login.user_navigates_to_login_page()&amp#27;[0m
  &amp#27;[32mWhen &amp#27;[0m&amp#27;[32mUser enters valid email address &amp#27;[0m&amp#27;[32m&amp#27;[1m"dipaks9911@gmail.com"&amp#27;[0m&amp#27;[32m into email field&amp#27;[0m &amp#27;[90m# stepdefinitions.Login.user_enters_valid_email_address_into_email_field(java.lang.String)&amp#27;[0m
  &amp#27;[32mAnd &amp#27;[0m&amp#27;[32mUser enters invalid password &amp#27;[0m&amp#27;[32m&amp#27;[1m"12345678956"&amp#27;[0m&amp#27;[32m into password field&amp#27;[0m           &amp#27;[90m# stepdefinitions.Login.user_enters_invalid_password_into_password_field(java.lang.String)&amp#27;[0m
  &amp#27;[32mAnd &amp#27;[0m&amp#27;[32mUser clicks on Login button&amp#27;[0m                                              &amp#27;[90m# stepdefinitions.Login.user_clicks_on_login_button()&amp#27;[0m
  &amp#27;[32mThen &amp#27;[0m&amp#27;[32mUser should get a proper warning message about credentials mismatch&amp#27;[0m     &amp#27;[90m# stepdefinitions.Login.user_should_get_a_proper_warning_message_about_credentials_mismatch()&amp#27;[0m
]]></system-out>
  </testcase>
  <testcase name="Login with invalid email and valid password" classname="Login functionality" time="5.43">
    <system-out><![CDATA[
Scenario: Login with invalid email and valid password                      &amp#27;[90m# src/test/resources/features/Login.feature:29&amp#27;[0m
  &amp#27;[32mGiven &amp#27;[0m&amp#27;[32mUser navigates to login page&amp#27;[0m                                       &amp#27;[90m# stepdefinitions.Login.user_navigates_to_login_page()&amp#27;[0m
  &amp#27;[32mWhen &amp#27;[0m&amp#27;[32mUser enters invalid email address into email field&amp#27;[0m                  &amp#27;[90m# stepdefinitions.Login.user_enters_invalid_email_address_into_email_field()&amp#27;[0m
  &amp#27;[32mAnd &amp#27;[0m&amp#27;[32mUser enters valid password &amp#27;[0m&amp#27;[32m&amp#27;[1m"Gandhi1445"&amp#27;[0m&amp#27;[32m into password field&amp#27;[0m          &amp#27;[90m# stepdefinitions.Login.user_enters_valid_password_into_password_field(java.lang.String)&amp#27;[0m
  &amp#27;[32mAnd &amp#27;[0m&amp#27;[32mUser clicks on Login button&amp#27;[0m                                          &amp#27;[90m# stepdefinitions.Login.user_clicks_on_login_button()&amp#27;[0m
  &amp#27;[32mThen &amp#27;[0m&amp#27;[32mUser should get a proper warning message about credentials mismatch&amp#27;[0m &amp#27;[90m# stepdefinitions.Login.user_should_get_a_proper_warning_message_about_credentials_mismatch()&amp#27;[0m
]]></system-out>
  </testcase>
  <testcase name="Login without providing any credentails" classname="Login functionality" time="5.069">
    <system-out><![CDATA[
Scenario: Login without providing any credentails                          &amp#27;[90m# src/test/resources/features/Login.feature:36&amp#27;[0m
  &amp#27;[32mGiven &amp#27;[0m&amp#27;[32mUser navigates to login page&amp#27;[0m                                       &amp#27;[90m# stepdefinitions.Login.user_navigates_to_login_page()&amp#27;[0m
  &amp#27;[32mWhen &amp#27;[0m&amp#27;[32mUser dont enter email address into email field&amp#27;[0m                      &amp#27;[90m# stepdefinitions.Login.user_dont_enter_email_address_into_email_field()&amp#27;[0m
  &amp#27;[32mAnd &amp#27;[0m&amp#27;[32mUser dont enter password into password field&amp#27;[0m                         &amp#27;[90m# stepdefinitions.Login.user_dont_enter_password_into_password_field()&amp#27;[0m
  &amp#27;[32mAnd &amp#27;[0m&amp#27;[32mUser clicks on Login button&amp#27;[0m                                          &amp#27;[90m# stepdefinitions.Login.user_clicks_on_login_button()&amp#27;[0m
  &amp#27;[32mThen &amp#27;[0m&amp#27;[32mUser should get a proper warning message about credentials mismatch&amp#27;[0m &amp#27;[90m# stepdefinitions.Login.user_should_get_a_proper_warning_message_about_credentials_mismatch()&amp#27;[0m
]]></system-out>
  </testcase>
  <testcase name="User creates an account only with mandatory fields" classname="Registration functionality" time="7.225">
    <system-out><![CDATA[
Scenario: User creates an account only with mandatory fields &amp#27;[90m# src/test/resources/features/Register.feature:3&amp#27;[0m
  &amp#27;[32mGiven &amp#27;[0m&amp#27;[32mUser navigates to Register Account page&amp#27;[0m              &amp#27;[90m# stepdefinitions.Register.user_navigates_to_register_account_page()&amp#27;[0m
  &amp#27;[32mWhen &amp#27;[0m&amp#27;[32mUser enters the details into below fields&amp#27;[0m             &amp#27;[90m# stepdefinitions.Register.user_enters_the_details_into_below_fields(io.cucumber.datatable.DataTable)&amp#27;[0m
    | firstName | dipak      |
    | lastName  | sahane     |
    | telephone | 8767085923 |
    | password  | Mahatma309 |
  &amp#27;[32mAnd &amp#27;[0m&amp#27;[32mUser selects Privacy Policy&amp#27;[0m                            &amp#27;[90m# stepdefinitions.Register.user_selects_privacy_policy()&amp#27;[0m
  &amp#27;[32mAnd &amp#27;[0m&amp#27;[32mUser clicks on Continue button&amp#27;[0m                         &amp#27;[90m# stepdefinitions.Register.user_clicks_on_continue_button()&amp#27;[0m
  &amp#27;[32mThen &amp#27;[0m&amp#27;[32mUser account should get created successfully&amp#27;[0m          &amp#27;[90m# stepdefinitions.Register.user_account_should_get_created_successfully()&amp#27;[0m
]]></system-out>
  </testcase>
  <testcase name="User creates an account with all fields" classname="Registration functionality" time="6.662">
    <system-out><![CDATA[
Scenario: User creates an account with all fields   &amp#27;[90m# src/test/resources/features/Register.feature:14&amp#27;[0m
  &amp#27;[32mGiven &amp#27;[0m&amp#27;[32mUser navigates to Register Account page&amp#27;[0m     &amp#27;[90m# stepdefinitions.Register.user_navigates_to_register_account_page()&amp#27;[0m
  &amp#27;[32mWhen &amp#27;[0m&amp#27;[32mUser enters the details into below fields&amp#27;[0m    &amp#27;[90m# stepdefinitions.Register.user_enters_the_details_into_below_fields(io.cucumber.datatable.DataTable)&amp#27;[0m
    | firstName | avish      |
    | lastName  | sah        |
    | telephone | 8554892272 |
    | password  | Gandhi1445 |
  &amp#27;[32mAnd &amp#27;[0m&amp#27;[32mUser selects Yes for Newsletter&amp#27;[0m               &amp#27;[90m# stepdefinitions.Register.user_selects_yes_for_newsletter()&amp#27;[0m
  &amp#27;[32mAnd &amp#27;[0m&amp#27;[32mUser selects Privacy Policy&amp#27;[0m                   &amp#27;[90m# stepdefinitions.Register.user_selects_privacy_policy()&amp#27;[0m
  &amp#27;[32mAnd &amp#27;[0m&amp#27;[32mUser clicks on Continue button&amp#27;[0m                &amp#27;[90m# stepdefinitions.Register.user_clicks_on_continue_button()&amp#27;[0m
  &amp#27;[32mThen &amp#27;[0m&amp#27;[32mUser account should get created successfully&amp#27;[0m &amp#27;[90m# stepdefinitions.Register.user_account_should_get_created_successfully()&amp#27;[0m
]]></system-out>
  </testcase>
  <testcase name="User creates a duplicate account" classname="Registration functionality" time="8.253">
    <system-out><![CDATA[
Scenario: User creates a duplicate account                            &amp#27;[90m# src/test/resources/features/Register.feature:26&amp#27;[0m
  &amp#27;[32mGiven &amp#27;[0m&amp#27;[32mUser navigates to Register Account page&amp#27;[0m                       &amp#27;[90m# stepdefinitions.Register.user_navigates_to_register_account_page()&amp#27;[0m
  &amp#27;[32mWhen &amp#27;[0m&amp#27;[32mUser enters the details into below fields with duplicate email&amp#27;[0m &amp#27;[90m# stepdefinitions.Register.user_enters_the_details_into_below_fields_with_duplicate_email(io.cucumber.datatable.DataTable)&amp#27;[0m
    | firstName | dipak                |
    | lastName  | sahane               |
    | email     | dipaks9911@gmail.com |
    | telephone | 8767085923           |
    | password  | Mahatma309           |
  &amp#27;[32mAnd &amp#27;[0m&amp#27;[32mUser selects Yes for Newsletter&amp#27;[0m                                 &amp#27;[90m# stepdefinitions.Register.user_selects_yes_for_newsletter()&amp#27;[0m
  &amp#27;[32mAnd &amp#27;[0m&amp#27;[32mUser selects Privacy Policy&amp#27;[0m                                     &amp#27;[90m# stepdefinitions.Register.user_selects_privacy_policy()&amp#27;[0m
  &amp#27;[32mAnd &amp#27;[0m&amp#27;[32mUser clicks on Continue button&amp#27;[0m                                  &amp#27;[90m# stepdefinitions.Register.user_clicks_on_continue_button()&amp#27;[0m
  &amp#27;[32mThen &amp#27;[0m&amp#27;[32mUser should get a proper warning about duplicate email&amp#27;[0m         &amp#27;[90m# stepdefinitions.Register.user_should_get_a_proper_warning_about_duplicate_email()&amp#27;[0m
]]></system-out>
  </testcase>
  <testcase name="User creates an account without filling any details" classname="Registration functionality" time="7.304">
    <system-out><![CDATA[
Scenario: User creates an account without filling any details            &amp#27;[90m# src/test/resources/features/Register.feature:39&amp#27;[0m
  &amp#27;[32mGiven &amp#27;[0m&amp#27;[32mUser navigates to Register Account page&amp#27;[0m                          &amp#27;[90m# stepdefinitions.Register.user_navigates_to_register_account_page()&amp#27;[0m
  &amp#27;[32mWhen &amp#27;[0m&amp#27;[32mUser dont enter any details into fields&amp#27;[0m                           &amp#27;[90m# stepdefinitions.Register.user_dont_enter_any_details_into_fields()&amp#27;[0m
  &amp#27;[32mAnd &amp#27;[0m&amp#27;[32mUser clicks on Continue button&amp#27;[0m                                     &amp#27;[90m# stepdefinitions.Register.user_clicks_on_continue_button()&amp#27;[0m
  &amp#27;[32mThen &amp#27;[0m&amp#27;[32mUser should get proper warning messages for every mandatory field&amp#27;[0m &amp#27;[90m# stepdefinitions.Register.user_should_get_proper_warning_messages_for_every_mandatory_field()&amp#27;[0m
]]></system-out>
  </testcase>
  <testcase name="User searches for a valid product" classname="Search functionality" time="4.452">
    <system-out><![CDATA[
Scenario: User searches for a valid product                      &amp#27;[90m# src/test/resources/features/Search.feature:3&amp#27;[0m
  &amp#27;[32mGiven &amp#27;[0m&amp#27;[32mUser opens the Application&amp#27;[0m                               &amp#27;[90m# stepdefinitions.Search.user_opens_the_application()&amp#27;[0m
  &amp#27;[32mWhen &amp#27;[0m&amp#27;[32mUser enters valid product &amp#27;[0m&amp#27;[32m&amp#27;[1m"HP"&amp#27;[0m&amp#27;[32m into Search box field&amp#27;[0m      &amp#27;[90m# stepdefinitions.Search.user_enters_valid_product_into_search_box_field(java.lang.String)&amp#27;[0m
  &amp#27;[32mAnd &amp#27;[0m&amp#27;[32mUser clicks on Search button&amp#27;[0m                               &amp#27;[90m# stepdefinitions.Search.user_clicks_on_Search_button()&amp#27;[0m
  &amp#27;[32mThen &amp#27;[0m&amp#27;[32mUser should get valid product displayed in search results&amp#27;[0m &amp#27;[90m# stepdefinitions.Search.user_should_get_valid_product_displayed_in_search_results()&amp#27;[0m
]]></system-out>
  </testcase>
  <testcase name="User searches for an invalid product" classname="Search functionality" time="4.232">
    <system-out><![CDATA[
Scenario: User searches for an invalid product                   &amp#27;[90m# src/test/resources/features/Search.feature:9&amp#27;[0m
  &amp#27;[32mGiven &amp#27;[0m&amp#27;[32mUser opens the Application&amp#27;[0m                               &amp#27;[90m# stepdefinitions.Search.user_opens_the_application()&amp#27;[0m
  &amp#27;[32mWhen &amp#27;[0m&amp#27;[32mUser enters invalid product &amp#27;[0m&amp#27;[32m&amp#27;[1m"Honda"&amp#27;[0m&amp#27;[32m into Search box field&amp#27;[0m &amp#27;[90m# stepdefinitions.Search.user_enters_invalid_product_into_search_box_field(java.lang.String)&amp#27;[0m
  &amp#27;[32mAnd &amp#27;[0m&amp#27;[32mUser clicks on Search button&amp#27;[0m                               &amp#27;[90m# stepdefinitions.Search.user_clicks_on_Search_button()&amp#27;[0m
  &amp#27;[32mThen &amp#27;[0m&amp#27;[32mUser should get a message about no product matching&amp#27;[0m       &amp#27;[90m# stepdefinitions.Search.user_should_get_a_message_about_no_product_matching()&amp#27;[0m
]]></system-out>
  </testcase>
  <testcase name="User searches without any product" classname="Search functionality" time="4.762">
    <system-out><![CDATA[
Scenario: User searches without any product                   &amp#27;[90m# src/test/resources/features/Search.feature:15&amp#27;[0m
  &amp#27;[32mGiven &amp#27;[0m&amp#27;[32mUser opens the Application&amp#27;[0m                            &amp#27;[90m# stepdefinitions.Search.user_opens_the_application()&amp#27;[0m
  &amp#27;[32mWhen &amp#27;[0m&amp#27;[32mUser dont enter any product name into Search box field&amp#27;[0m &amp#27;[90m# stepdefinitions.Search.user_dont_enter_any_product_name_into_search_box_field()&amp#27;[0m
  &amp#27;[32mAnd &amp#27;[0m&amp#27;[32mUser clicks on Search button&amp#27;[0m                            &amp#27;[90m# stepdefinitions.Search.user_clicks_on_Search_button()&amp#27;[0m
  &amp#27;[32mThen &amp#27;[0m&amp#27;[32mUser should get a message about no product matching&amp#27;[0m    &amp#27;[90m# stepdefinitions.Search.user_should_get_a_message_about_no_product_matching()&amp#27;[0m
]]></system-out>
  </testcase>
</testsuite>